<?xml version="1.0" encoding="UTF-8"?>
<testng-results ignored="0" total="1" passed="1" failed="0" skipped="0">
  <reporter-output>
  </reporter-output>
  <suite started-at="2022-07-04T10:28:38 IST" name="Default suite" finished-at="2022-07-04T12:41:39 IST" duration-ms="7981149">
    <groups>
    </groups>
    <test started-at="2022-07-04T10:28:38 IST" name="Default test" finished-at="2022-07-04T12:41:39 IST" duration-ms="7981149">
      <class name="shipmentFedExWebSite.ShipmentCreation">
        <test-method is-config="true" signature="startUp()[pri:0, instance:shipmentFedExWebSite.ShipmentCreation@957e06]" started-at="2022-07-04T10:28:16 IST" name="startUp" finished-at="2022-07-04T10:28:38 IST" duration-ms="22023" status="PASS">
          <reporter-output>
          </reporter-output>
        </test-method> <!-- startUp -->
        <test-method signature="shipmentCreation()[pri:0, instance:shipmentFedExWebSite.ShipmentCreation@957e06]" started-at="2022-07-04T10:28:38 IST" name="shipmentCreation" finished-at="2022-07-04T12:41:39 IST" duration-ms="7980825" status="PASS">
          <reporter-output>
          </reporter-output>
        </test-method> <!-- shipmentCreation -->
        <test-method is-config="true" signature="end()[pri:0, instance:shipmentFedExWebSite.ShipmentCreation@957e06]" started-at="2022-07-04T12:41:39 IST" name="end" finished-at="2022-07-04T12:41:41 IST" duration-ms="1471" status="PASS">
          <reporter-output>
          </reporter-output>
        </test-method> <!-- end -->
      </class> <!-- shipmentFedExWebSite.ShipmentCreation -->
    </test> <!-- Default test -->
  </suite> <!-- Default suite -->
</testng-results>
