<?xml version="1.0" encoding="UTF-8"?>
<testng-results ignored="0" total="1" passed="1" failed="0" skipped="0">
  <reporter-output>
  </reporter-output>
  <suite started-at="2022-07-11T18:55:39 IST" name="Default suite" finished-at="2022-07-11T19:02:46 IST" duration-ms="426922">
    <groups>
    </groups>
    <test started-at="2022-07-11T18:55:39 IST" name="Default test" finished-at="2022-07-11T19:02:46 IST" duration-ms="426922">
      <class name="shipmentFedExWebSite.CheetahOrderProcessing">
        <test-method is-config="true" signature="startUp()[pri:0, instance:shipmentFedExWebSite.CheetahOrderProcessing@4dbb42b7]" started-at="2022-07-11T18:55:20 IST" name="startUp" finished-at="2022-07-11T18:55:39 IST" duration-ms="19462" status="PASS">
          <reporter-output>
          </reporter-output>
        </test-method> <!-- startUp -->
        <test-method signature="cheetahOrderPro()[pri:0, instance:shipmentFedExWebSite.CheetahOrderProcessing@4dbb42b7]" started-at="2022-07-11T18:55:39 IST" name="cheetahOrderPro" finished-at="2022-07-11T19:02:46 IST" duration-ms="426821" status="PASS">
          <reporter-output>
          </reporter-output>
        </test-method> <!-- cheetahOrderPro -->
        <test-method is-config="true" signature="end()[pri:0, instance:shipmentFedExWebSite.CheetahOrderProcessing@4dbb42b7]" started-at="2022-07-11T19:02:46 IST" name="end" finished-at="2022-07-11T19:02:47 IST" duration-ms="694" status="PASS">
          <reporter-output>
          </reporter-output>
        </test-method> <!-- end -->
      </class> <!-- shipmentFedExWebSite.CheetahOrderProcessing -->
    </test> <!-- Default test -->
  </suite> <!-- Default suite -->
</testng-results>
